The system is: Windows - 10.0.17763 - AMD64
Compiling the C compiler identification source file "CMakeCCompilerId.c" succeeded.
Compiler: C:/Program Files (x86)/Microsoft Visual Studio/2019/Community/VC/Tools/MSVC/14.28.29910/bin/Hostx86/x86/cl.exe 
Build flags: 
Id flags:  

The output was:
0
Оптимизирующий компилятор Microsoft (R) C/C++ версии 19.28.29914 для x86
(C) Корпорация Майкрософт (Microsoft Corporation).  Все права защищены.

CMakeCCompilerId.c
Microsoft (R) Incremental Linker Version 14.28.29914.0
Copyright (C) Microsoft Corporation.  All rights reserved.

/out:CMakeCCompilerId.exe 
CMakeCCompilerId.obj 


Compilation of the C compiler identification source "CMakeCCompilerId.c" produced "CMakeCCompilerId.exe"

Compilation of the C compiler identification source "CMakeCCompilerId.c" produced "CMakeCCompilerId.obj"

The C compiler identification is MSVC, found in "C:/Users/User/CLionProjects/MACROSes and PREPROCESSOR/cmake-build-debug/CMakeFiles/3.19.2/CompilerIdC/CMakeCCompilerId.exe"

Compiling the CXX compiler identification source file "CMakeCXXCompilerId.cpp" succeeded.
Compiler: C:/Program Files (x86)/Microsoft Visual Studio/2019/Community/VC/Tools/MSVC/14.28.29910/bin/Hostx86/x86/cl.exe 
Build flags: 
Id flags:  

The output was:
0
Оптимизирующий компилятор Microsoft (R) C/C++ версии 19.28.29914 для x86
(C) Корпорация Майкрософт (Microsoft Corporation).  Все права защищены.

CMakeCXXCompilerId.cpp
Microsoft (R) Incremental Linker Version 14.28.29914.0
Copyright (C) Microsoft Corporation.  All rights reserved.

/out:CMakeCXXCompilerId.exe 
CMakeCXXCompilerId.obj 


Compilation of the CXX compiler identification source "CMakeCXXCompilerId.cpp" produced "CMakeCXXCompilerId.exe"

Compilation of the CXX compiler identification source "CMakeCXXCompilerId.cpp" produced "CMakeCXXCompilerId.obj"

The CXX compiler identification is MSVC, found in "C:/Users/User/CLionProjects/MACROSes and PREPROCESSOR/cmake-build-debug/CMakeFiles/3.19.2/CompilerIdCXX/CMakeCXXCompilerId.exe"

Detecting C compiler ABI info compiled with the following output:
Change Dir: C:/Users/User/CLionProjects/MACROSes and PREPROCESSOR/cmake-build-debug/CMakeFiles/CMakeTmp

Run Build Command(s):nmake /nologo cmTC_f83b8\fast && 	"C:\Program Files (x86)\Microsoft Visual Studio\2019\Community\VC\Tools\MSVC\14.28.29910\bin\HostX86\x86\nmake.exe"  -f CMakeFiles\cmTC_f83b8.dir\build.make /nologo -L                  CMakeFiles\cmTC_f83b8.dir\build
Building C object CMakeFiles/cmTC_f83b8.dir/CMakeCCompilerABI.c.obj
	C:\PROGRA~2\MICROS~1\2019\COMMUN~1\VC\Tools\MSVC\1428~1.299\bin\Hostx86\x86\cl.exe @C:\Users\User\AppData\Local\Temp\nm61FE.tmp
CMakeCCompilerABI.c
Linking C executable cmTC_f83b8.exe
	"D:\Installed_soft\CLion 2021.1.1\bin\cmake\win\bin\cmake.exe" -E vs_link_exe --intdir=CMakeFiles\cmTC_f83b8.dir --rc=C:\PROGRA~2\WI3CF2~1\10\bin\100190~1.0\x86\rc.exe --mt=C:\PROGRA~2\WI3CF2~1\10\bin\100190~1.0\x86\mt.exe --manifests -- C:\PROGRA~2\MICROS~1\2019\COMMUN~1\VC\Tools\MSVC\1428~1.299\bin\Hostx86\x86\link.exe /nologo @CMakeFiles\cmTC_f83b8.dir\objects1.rsp @C:\Users\User\AppData\Local\Temp\nm6357.tmp



Detecting CXX compiler ABI info compiled with the following output:
Change Dir: C:/Users/User/CLionProjects/MACROSes and PREPROCESSOR/cmake-build-debug/CMakeFiles/CMakeTmp

Run Build Command(s):nmake /nologo cmTC_9b35e\fast && 	"C:\Program Files (x86)\Microsoft Visual Studio\2019\Community\VC\Tools\MSVC\14.28.29910\bin\HostX86\x86\nmake.exe"  -f CMakeFiles\cmTC_9b35e.dir\build.make /nologo -L                  CMakeFiles\cmTC_9b35e.dir\build
Building CXX object CMakeFiles/cmTC_9b35e.dir/CMakeCXXCompilerABI.cpp.obj
	C:\PROGRA~2\MICROS~1\2019\COMMUN~1\VC\Tools\MSVC\1428~1.299\bin\Hostx86\x86\cl.exe @C:\Users\User\AppData\Local\Temp\nm6663.tmp
CMakeCXXCompilerABI.cpp
Linking CXX executable cmTC_9b35e.exe
	"D:\Installed_soft\CLion 2021.1.1\bin\cmake\win\bin\cmake.exe" -E vs_link_exe --intdir=CMakeFiles\cmTC_9b35e.dir --rc=C:\PROGRA~2\WI3CF2~1\10\bin\100190~1.0\x86\rc.exe --mt=C:\PROGRA~2\WI3CF2~1\10\bin\100190~1.0\x86\mt.exe --manifests -- C:\PROGRA~2\MICROS~1\2019\COMMUN~1\VC\Tools\MSVC\1428~1.299\bin\Hostx86\x86\link.exe /nologo @CMakeFiles\cmTC_9b35e.dir\objects1.rsp @C:\Users\User\AppData\Local\Temp\nm66C2.tmp



